c:\users\henor\onedrive\desktop\sit stuff\projects\new pese9\pese9\.tmp\debug-x64\vc142.pdb
c:\users\henor\onedrive\desktop\sit stuff\projects\new pese9\pese9\.tmp\debug-x64\vc142.idb
c:\users\henor\onedrive\desktop\sit stuff\projects\new pese9\pese9\.tmp\debug-x64\utils.obj
c:\users\henor\onedrive\desktop\sit stuff\projects\new pese9\pese9\.tmp\debug-x64\hard.obj
c:\users\henor\onedrive\desktop\sit stuff\projects\new pese9\pese9\.tmp\debug-x64\mainmenu.obj
c:\users\henor\onedrive\desktop\sit stuff\projects\new pese9\pese9\.tmp\debug-x64\hell.obj
c:\users\henor\onedrive\desktop\sit stuff\projects\new pese9\pese9\.tmp\debug-x64\normal.obj
c:\users\henor\onedrive\desktop\sit stuff\projects\new pese9\pese9\.tmp\debug-x64\splashscreen.obj
c:\users\henor\onedrive\desktop\sit stuff\projects\new pese9\pese9\.tmp\debug-x64\mode.obj
c:\users\henor\onedrive\desktop\sit stuff\projects\new pese9\pese9\.tmp\debug-x64\main.obj
c:\users\henor\onedrive\desktop\sit stuff\projects\new pese9\pese9\.tmp\debug-x64\htp.obj
c:\users\henor\onedrive\desktop\sit stuff\projects\new pese9\pese9\.tmp\debug-x64\credits.obj
c:\users\henor\onedrive\desktop\sit stuff\projects\new pese9\pese9\bin\debug-x64\pest zero.exe
c:\users\henor\onedrive\desktop\sit stuff\projects\new pese9\pese9\.tmp\debug-x64\pest zero.ilk
c:\users\henor\onedrive\desktop\sit stuff\projects\new pese9\pese9\bin\debug-x64\pest zero.pdb
c:\users\henor\onedrive\desktop\sit stuff\projects\new pese9\pese9\.tmp\debug-x64\pest zero.tlog\cl.command.1.tlog
c:\users\henor\onedrive\desktop\sit stuff\projects\new pese9\pese9\.tmp\debug-x64\pest zero.tlog\cl.read.1.tlog
c:\users\henor\onedrive\desktop\sit stuff\projects\new pese9\pese9\.tmp\debug-x64\pest zero.tlog\cl.write.1.tlog
c:\users\henor\onedrive\desktop\sit stuff\projects\new pese9\pese9\.tmp\debug-x64\pest zero.tlog\link.command.1.tlog
c:\users\henor\onedrive\desktop\sit stuff\projects\new pese9\pese9\.tmp\debug-x64\pest zero.tlog\link.read.1.tlog
c:\users\henor\onedrive\desktop\sit stuff\projects\new pese9\pese9\.tmp\debug-x64\pest zero.tlog\link.write.1.tlog
